*** Using Compiler 'V5.06 update 5 (build 528)', folder: 'D:\Keil5\ARM\ARMCC\Bin'
Build target 'Target 1'
compiling CMD.c...
Utilities\CMD.c(36): warning:  #870-D: invalid multibyte character sequence
      
OG("[%d]æ“¦é™¤AåŒ? \r\n", InFlash_EraseApp);
Utilities\CMD.c(38): warning:  #870-D: invalid multibyte character sequence
      
OG("[%d]è®¾ç½®OTAç‰ˆæœ¬å? \r\n", Set_OTAVersion);
Utilities\CMD.c(39): warning:  #870-D: invalid multibyte character sequence
      
OG("[%d]è·å–OTAç‰ˆæœ¬å? \r\n", Get_OTAVersion);
Utilities\CMD.c(63): warning:  #870-D: invalid multibyte character sequence
          
OG("è¯·é€‰æ‹©æ­£ç¡®çš„åŠŸèƒ? \r\n");
Utilities\CMD.c(69): warning:  #870-D: invalid multibyte character sequence
              
OG("æ“¦é™¤AåŒ? \r\n");
Utilities\CMD.c(71): warning:  #870-D: invalid multibyte character sequence
                  
OG("AåŒºæ“¦é™¤å‡ºé”? \r\n");
Utilities\CMD.c(74): warning:  #870-D: invalid multibyte character sequence
              
OG("AåŒºæ“¦é™¤å®Œæ¯? \r\n");
Utilities\CMD.c(83): warning:  #870-D: invalid multibyte character sequence
              
OG("è®¾ç½®OTAç‰ˆæœ¬å? \r\n");
Utilities\CMD.c(87): warning:  #870-D: invalid multibyte character sequence
              
OG("è·å–OTAç‰ˆæœ¬å? \r\n");
Utilities\CMD.c: 9 warnings, 0 errors
linking...
Program Size: Code=11104 RO-data=352 RW-data=40 ZI-data=4128  
FromELF: creating hex file...
After Build - User command #1: fromelf --text -a -c --output=BootLoader_Project.dis Objects/BootLoader_Project.axf
".\Objects\BootLoader_Project.axf" - 0 Error(s), 9 Warning(s).
Build Time Elapsed:  00:00:02
